<?xml version="1.0" encoding="UTF-8"?>
<!-- Generated by org.testng.reporters.JUnitReportReporter -->
<testsuite hostname="DESKTOP-081P6NK" failures="0" tests="3" name="Newproject.Test" time="0.015" errors="0" timestamp="2024-04-17T13:01:56 IST" skipped="0">
  <testcase classname="Newproject.Test" name="chrome" time="0.011"/>
  <system-out/>
  <testcase classname="Newproject.Test" name="edge" time="0.002"/>
  <system-out/>
  <testcase classname="Newproject.Test" name="firefox" time="0.002"/>
  <system-out/>
</testsuite> <!-- Newproject.Test -->
